Apr-02 23:03:00.637 [main] DEBUG nextflow.cli.Launcher - $> nextflow run main.nf -resume
Apr-02 23:03:00.777 [main] DEBUG nextflow.cli.CmdRun - N E X T F L O W  ~  version 25.10.4
Apr-02 23:03:00.812 [main] DEBUG nextflow.plugin.PluginsFacade - Setting up plugin manager > mode=prod; embedded=false; plugins-dir=/home/benteh/.nextflow/plugins; core-plugins: nf-amazon@3.4.4,nf-azure@1.20.2,nf-cloudcache@0.5.0,nf-codecommit@0.5.0,nf-console@1.3.0,nf-google@1.23.5,nf-k8s@1.2.2,nf-tower@1.17.5,nf-wave@1.16.1
Apr-02 23:03:00.849 [main] INFO  o.pf4j.DefaultPluginStatusProvider - Enabled plugins: []
Apr-02 23:03:00.851 [main] INFO  o.pf4j.DefaultPluginStatusProvider - Disabled plugins: []
Apr-02 23:03:00.855 [main] INFO  org.pf4j.DefaultPluginManager - PF4J version 3.12.0 in 'deployment' mode
Apr-02 23:03:00.878 [main] DEBUG nextflow.util.RetryConfig - Missing nextflow session - using default retry config
Apr-02 23:03:01.081 [main] INFO  org.pf4j.AbstractPluginManager - No plugins
Apr-02 23:03:01.143 [main] DEBUG nextflow.config.ConfigBuilder - Found config local: /home/benteh/nutri-multiomics-nextflow-demo/nextflow.config
Apr-02 23:03:01.150 [main] DEBUG nextflow.config.ConfigBuilder - Parsing config file: /home/benteh/nutri-multiomics-nextflow-demo/nextflow.config
Apr-02 23:03:01.206 [main] DEBUG nextflow.config.ConfigBuilder - Applying config profile: `standard`
Apr-02 23:03:01.951 [main] DEBUG nextflow.plugin.PluginsFacade - Plugins default=[]
Apr-02 23:03:01.951 [main] DEBUG nextflow.plugin.PluginsFacade - Plugins resolved requirement=[]
Apr-02 23:03:01.971 [main] DEBUG n.secret.LocalSecretsProvider - Secrets store: /home/benteh/.nextflow/secrets/store.json
Apr-02 23:03:01.975 [main] DEBUG nextflow.secret.SecretsLoader - Discovered secrets providers: [nextflow.secret.LocalSecretsProvider@43a65cd8] - activable => nextflow.secret.LocalSecretsProvider@43a65cd8
Apr-02 23:03:01.992 [main] DEBUG nextflow.cli.CmdRun - Applied DSL=2 from script declaration
Apr-02 23:03:02.011 [main] DEBUG nextflow.cli.CmdRun - Launching `main.nf` [soggy_descartes] DSL2 - revision: 5a076ae52f
Apr-02 23:03:02.110 [main] DEBUG nextflow.Session - Session UUID: 0f757580-10b7-410d-9363-8ac3cc04e33a
Apr-02 23:03:02.111 [main] DEBUG nextflow.Session - Run name: soggy_descartes
Apr-02 23:03:02.112 [main] DEBUG nextflow.Session - Executor pool size: 8
Apr-02 23:03:02.128 [main] DEBUG nextflow.file.FilePorter - File porter settings maxRetries=3; maxTransfers=50; pollTimeout=null
Apr-02 23:03:02.140 [main] DEBUG nextflow.util.ThreadPoolBuilder - Creating thread pool 'FileTransfer' minSize=10; maxSize=24; workQueue=LinkedBlockingQueue[-1]; allowCoreThreadTimeout=false
Apr-02 23:03:02.171 [main] DEBUG nextflow.cli.CmdRun - 
  Version: 25.10.4 build 11173
  Created: 10-02-2026 15:17 UTC (23:17 SGST)
  System: Linux 6.6.87.2-microsoft-standard-WSL2
  Runtime: Groovy 4.0.28 on OpenJDK 64-Bit Server VM 17.0.18+8-Ubuntu-124.04.1
  Encoding: UTF-8 (UTF-8)
  Process: 18163@DESKTOP-G55HI3C [127.0.1.1]
  CPUs: 8 - Mem: 7.6 GB (4.2 GB) - Swap: 2 GB (2 GB)
Apr-02 23:03:02.233 [main] DEBUG nextflow.Session - Work-dir: /home/benteh/nutri-multiomics-nextflow-demo/work [ext2/ext3]
Apr-02 23:03:02.234 [main] DEBUG nextflow.Session - Script base path does not exist or is not a directory: /home/benteh/nutri-multiomics-nextflow-demo/bin
Apr-02 23:03:02.251 [main] DEBUG nextflow.executor.ExecutorFactory - Extension executors providers=[]
Apr-02 23:03:02.271 [main] DEBUG nextflow.Session - Observer factory (v2): LinObserverFactory
Apr-02 23:03:02.277 [main] DEBUG nextflow.Session - Observer factory (v2): DefaultObserverFactory
Apr-02 23:03:02.366 [main] DEBUG nextflow.cache.CacheFactory - Using Nextflow cache factory: nextflow.cache.DefaultCacheFactory
Apr-02 23:03:02.382 [main] DEBUG nextflow.util.CustomThreadPool - Creating default thread pool > poolSize: 9; maxThreads: 1000
Apr-02 23:03:02.547 [main] DEBUG nextflow.Session - Session start
Apr-02 23:03:03.065 [main] DEBUG nextflow.script.ScriptRunner - > Launching execution
Apr-02 23:03:03.293 [main] DEBUG nextflow.executor.ExecutorFactory - << taskConfig executor: local
Apr-02 23:03:03.294 [main] DEBUG nextflow.executor.ExecutorFactory - >> processorType: 'local'
Apr-02 23:03:03.313 [main] DEBUG nextflow.executor.Executor - [warm up] executor > local
Apr-02 23:03:03.325 [main] DEBUG n.processor.LocalPollingMonitor - Creating local task monitor for executor 'local' > cpus=8; memory=7.6 GB; capacity=8; pollInterval=100ms; dumpInterval=5m
Apr-02 23:03:03.330 [main] DEBUG n.processor.TaskPollingMonitor - >>> barrier register (monitor: local)
Apr-02 23:03:03.379 [main] DEBUG nextflow.processor.TaskProcessor - Creating process 'INTEGRATE': maxForks=0; fair=false; array=0
Apr-02 23:03:03.472 [main] DEBUG nextflow.executor.ExecutorFactory - << taskConfig executor: local
Apr-02 23:03:03.473 [main] DEBUG nextflow.executor.ExecutorFactory - >> processorType: 'local'
Apr-02 23:03:03.475 [main] DEBUG nextflow.processor.TaskProcessor - Creating process 'MODEL': maxForks=0; fair=false; array=0
Apr-02 23:03:03.483 [main] DEBUG nextflow.executor.ExecutorFactory - << taskConfig executor: local
Apr-02 23:03:03.484 [main] DEBUG nextflow.executor.ExecutorFactory - >> processorType: 'local'
Apr-02 23:03:03.487 [main] DEBUG nextflow.processor.TaskProcessor - Creating process 'COBRA_MODEL': maxForks=0; fair=false; array=0
Apr-02 23:03:03.493 [main] DEBUG nextflow.executor.ExecutorFactory - << taskConfig executor: local
Apr-02 23:03:03.493 [main] DEBUG nextflow.executor.ExecutorFactory - >> processorType: 'local'
Apr-02 23:03:03.495 [main] DEBUG nextflow.processor.TaskProcessor - Creating process 'ABM_MODEL': maxForks=0; fair=false; array=0
Apr-02 23:03:03.501 [main] DEBUG nextflow.Session - Workflow process names [dsl2]: COBRA_MODEL, INTEGRATE, MODEL, ABM_MODEL
Apr-02 23:03:03.505 [main] DEBUG nextflow.Session - Igniting dataflow network (7)
Apr-02 23:03:03.518 [main] DEBUG nextflow.processor.TaskProcessor - Starting process > INTEGRATE
Apr-02 23:03:03.520 [main] DEBUG nextflow.processor.TaskProcessor - Starting process > MODEL
Apr-02 23:03:03.522 [main] DEBUG nextflow.processor.TaskProcessor - Starting process > COBRA_MODEL
Apr-02 23:03:03.523 [main] DEBUG nextflow.processor.TaskProcessor - Starting process > ABM_MODEL
Apr-02 23:03:03.524 [main] DEBUG nextflow.script.ScriptRunner - Parsed script files:
  Script_fd60632ee06e7229: /home/benteh/nutri-multiomics-nextflow-demo/main.nf
Apr-02 23:03:03.525 [main] DEBUG nextflow.script.ScriptRunner - > Awaiting termination 
Apr-02 23:03:03.525 [main] DEBUG nextflow.Session - Session await
Apr-02 23:03:03.858 [Actor Thread 8] INFO  nextflow.processor.TaskProcessor - [c7/5a07e3] Cached process > ABM_MODEL
Apr-02 23:03:03.858 [Actor Thread 9] INFO  nextflow.processor.TaskProcessor - [88/a8f754] Cached process > COBRA_MODEL
Apr-02 23:03:03.858 [Actor Thread 7] INFO  nextflow.processor.TaskProcessor - [9c/ba3a78] Cached process > INTEGRATE (1)
Apr-02 23:03:03.902 [Actor Thread 5] INFO  nextflow.processor.TaskProcessor - [aa/210761] Cached process > MODEL (1)
Apr-02 23:03:03.914 [Actor Thread 8] DEBUG nextflow.util.ThreadPoolBuilder - Creating thread pool 'PublishDir' minSize=10; maxSize=24; workQueue=LinkedBlockingQueue[-1]; allowCoreThreadTimeout=false
Apr-02 23:03:03.929 [main] DEBUG nextflow.Session - Session await > all processes finished
Apr-02 23:03:03.944 [Task monitor] DEBUG n.processor.TaskPollingMonitor - <<< barrier arrives (monitor: local) - terminating tasks monitor poll loop
Apr-02 23:03:03.945 [main] DEBUG nextflow.Session - Session await > all barriers passed
Apr-02 23:03:03.950 [main] DEBUG nextflow.util.ThreadPoolManager - Thread pool 'PublishDir' shutdown completed (hard=false)
Apr-02 23:03:03.965 [main] DEBUG n.trace.WorkflowStatsObserver - Workflow completed > WorkflowStats[succeededCount=0; failedCount=0; ignoredCount=0; cachedCount=4; pendingCount=0; submittedCount=0; runningCount=0; retriesCount=0; abortedCount=0; succeedDuration=0ms; failedDuration=0ms; cachedDuration=7.5s;loadCpus=0; loadMemory=0; peakRunning=0; peakCpus=0; peakMemory=0; ]
Apr-02 23:03:04.008 [main] DEBUG nextflow.cache.CacheDB - Closing CacheDB done
Apr-02 23:03:04.031 [main] DEBUG nextflow.util.ThreadPoolManager - Thread pool 'FileTransfer' shutdown completed (hard=false)
Apr-02 23:03:04.032 [main] DEBUG nextflow.script.ScriptRunner - > Execution complete -- Goodbye
